<?xml version="1.0" encoding="UTF-8"?>
<testng-results ignored="0" total="2" passed="2" failed="0" skipped="0">
  <reporter-output>
  </reporter-output>
  <suite started-at="2022-12-27T18:55:41 IST" name="Default suite" finished-at="2022-12-27T18:55:41 IST" duration-ms="95">
    <groups>
    </groups>
    <test started-at="2022-12-27T18:55:41 IST" name="Default test" finished-at="2022-12-27T18:55:41 IST" duration-ms="95">
      <class name="FrameWork.Demo">
        <test-method signature="run(java.lang.String,java.lang.String)[pri:0, instance:FrameWork.Demo@4313f5bc]" started-at="2022-12-27T18:55:41 IST" name="run" data-provider="getData" finished-at="2022-12-27T18:55:41 IST" duration-ms="20" status="PASS">
          <params>
            <param index="0">
              <value>
                <![CDATA[Hi]]>
              </value>
            </param>
            <param index="1">
              <value>
                <![CDATA[Hello]]>
              </value>
            </param>
          </params>
          <reporter-output>
          </reporter-output>
        </test-method> <!-- run -->
        <test-method signature="run(java.lang.String,java.lang.String)[pri:0, instance:FrameWork.Demo@4313f5bc]" started-at="2022-12-27T18:55:41 IST" name="run" data-provider="getData" finished-at="2022-12-27T18:55:41 IST" duration-ms="6" status="PASS">
          <params>
            <param index="0">
              <value>
                <![CDATA[Welcome]]>
              </value>
            </param>
            <param index="1">
              <value>
                <![CDATA[Well]]>
              </value>
            </param>
          </params>
          <reporter-output>
          </reporter-output>
        </test-method> <!-- run -->
      </class> <!-- FrameWork.Demo -->
    </test> <!-- Default test -->
  </suite> <!-- Default suite -->
</testng-results>
