<?xml version="1.0" encoding="UTF-8"?>
<!-- Generated by org.testng.reporters.JUnitReportReporter -->
<testsuite hostname="DESKTOP-PLS9NTJ" failures="0" tests="1" name="Cucumber.TestNGRunner" time="5.309" errors="1" timestamp="05 Jan 2023 10:47:32 GMT" skipped="0">
  <testcase classname="Cucumber.TestNGRunner" name="runScenario" time="5.309">
    <error message="Browsing context has been discarded
Build info: version: &#039;4.7.2&#039;, revision: &#039;4d4020c3b7&#039;
System info: os.name: &#039;Windows 10&#039;, os.arch: &#039;amd64&#039;, os.version: &#039;10.0&#039;, java.version: &#039;11.0.16.1&#039;
Driver info: org.openqa.selenium.firefox.FirefoxDriver
Command: [abca4adf-de28-464b-bc20-b393746ac8f0, findElement {using=id, value=userEmail}]
Capabilities {acceptInsecureCerts: true, browserName: firefox, browserVersion: 108.0.1, moz:accessibilityChecks: false, moz:buildID: 20221215175817, moz:debuggerAddress: 127.0.0.1:17076, moz:geckodriverVersion: 0.32.0, moz:headless: false, moz:platformVersion: 10.0, moz:processID: 15236, moz:profile: C:\Users\Emproto\AppData\Lo..., moz:shutdownTimeout: 60000, moz:useNonSpecCompliantPointerOrigin: false, moz:webdriverClick: true, moz:windowless: false, pageLoadStrategy: normal, platformName: WINDOWS, proxy: Proxy(), se:cdp: ws://127.0.0.1:17076/devtoo..., se:cdpVersion: 85.0, setWindowRect: true, strictFileInteractability: false, timeouts: {implicit: 0, pageLoad: 300000, script: 30000}, unhandledPromptBehavior: dismiss and notify}
Session ID: abca4adf-de28-464b-bc20-b393746ac8f0" type="org.openqa.selenium.NoSuchWindowException">
      <![CDATA[org.openqa.selenium.NoSuchWindowException: Browsing context has been discarded
Build info: version: '4.7.2', revision: '4d4020c3b7'
System info: os.name: 'Windows 10', os.arch: 'amd64', os.version: '10.0', java.version: '11.0.16.1'
Driver info: org.openqa.selenium.firefox.FirefoxDriver
Command: [abca4adf-de28-464b-bc20-b393746ac8f0, findElement {using=id, value=userEmail}]
Capabilities {acceptInsecureCerts: true, browserName: firefox, browserVersion: 108.0.1, moz:accessibilityChecks: false, moz:buildID: 20221215175817, moz:debuggerAddress: 127.0.0.1:17076, moz:geckodriverVersion: 0.32.0, moz:headless: false, moz:platformVersion: 10.0, moz:processID: 15236, moz:profile: C:\Users\Emproto\AppData\Lo..., moz:shutdownTimeout: 60000, moz:useNonSpecCompliantPointerOrigin: false, moz:webdriverClick: true, moz:windowless: false, pageLoadStrategy: normal, platformName: WINDOWS, proxy: Proxy(), se:cdp: ws://127.0.0.1:17076/devtoo..., se:cdpVersion: 85.0, setWindowRect: true, strictFileInteractability: false, timeouts: {implicit: 0, pageLoad: 300000, script: 30000}, unhandledPromptBehavior: dismiss and notify}
Session ID: abca4adf-de28-464b-bc20-b393746ac8f0
at java.base/jdk.internal.reflect.NativeConstructorAccessorImpl.newInstance0(Native Method)
at java.base/jdk.internal.reflect.NativeConstructorAccessorImpl.newInstance(NativeConstructorAccessorImpl.java:62)
at java.base/jdk.internal.reflect.DelegatingConstructorAccessorImpl.newInstance(DelegatingConstructorAccessorImpl.java:45)
at java.base/java.lang.reflect.Constructor.newInstance(Constructor.java:490)
at org.openqa.selenium.remote.codec.w3c.W3CHttpResponseCodec.createException(W3CHttpResponseCodec.java:200)
at org.openqa.selenium.remote.codec.w3c.W3CHttpResponseCodec.decode(W3CHttpResponseCodec.java:133)
at org.openqa.selenium.remote.codec.w3c.W3CHttpResponseCodec.decode(W3CHttpResponseCodec.java:53)
at org.openqa.selenium.remote.HttpCommandExecutor.execute(HttpCommandExecutor.java:184)
at org.openqa.selenium.remote.service.DriverCommandExecutor.invokeExecute(DriverCommandExecutor.java:167)
at org.openqa.selenium.remote.service.DriverCommandExecutor.execute(DriverCommandExecutor.java:142)
at org.openqa.selenium.remote.RemoteWebDriver.execute(RemoteWebDriver.java:535)
at org.openqa.selenium.remote.ElementLocation$ElementFinder$2.findElement(ElementLocation.java:162)
at org.openqa.selenium.remote.ElementLocation.findElement(ElementLocation.java:66)
at org.openqa.selenium.remote.RemoteWebDriver.findElement(RemoteWebDriver.java:351)
at org.openqa.selenium.remote.RemoteWebDriver.findElement(RemoteWebDriver.java:343)
at org.openqa.selenium.support.pagefactory.DefaultElementLocator.findElement(DefaultElementLocator.java:70)
at org.openqa.selenium.support.pagefactory.internal.LocatingElementHandler.invoke(LocatingElementHandler.java:39)
at com.sun.proxy.$Proxy22.sendKeys(Unknown Source)
at Selenium.SeleniumAutomation.FindElements.loginCredentials(FindElements.java:52)
at SeleniumAutomation.stepDefinition.InvalidCredentials.I_enter_the_invalid_credentials_and_click_on_login_button(InvalidCredentials.java:23)
at ✽.I enter the invalid credentials Karthicksdk45@gmail.com and Karthick@4 and click on login button(file:///C:/Users/Emproto/eclipse-workspace/SeleniumFramework/src/test/java/Cucumber/InvalidCredentials.feature:6)
]]>
    </error>
  </testcase> <!-- runScenario -->
</testsuite> <!-- Cucumber.TestNGRunner -->
