<?xml version="1.0" encoding="UTF-8"?>
<testng-results ignored="0" total="2" passed="2" failed="0" skipped="0">
  <reporter-output>
  </reporter-output>
  <suite started-at="2023-01-05T13:07:05Z" name="Default suite" finished-at="2023-01-05T13:07:35Z" duration-ms="30371">
    <groups>
      <group name="purchase">
        <method signature="StandAloneTest.orderProduct(java.util.HashMap)[pri:0, instance:SeleniumAutomation.Test.StandAloneTest@5965d37]" name="orderProduct" class="SeleniumAutomation.Test.StandAloneTest"/>
      </group> <!-- purchase -->
    </groups>
    <test started-at="2023-01-05T13:07:05Z" name="Default test" finished-at="2023-01-05T13:07:35Z" duration-ms="30371">
      <class name="SeleniumAutomation.Test.StandAloneTest">
        <test-method is-config="true" signature="launchApp()[pri:0, instance:SeleniumAutomation.Test.StandAloneTest@5965d37]" started-at="2023-01-05T13:07:05Z" name="launchApp" finished-at="2023-01-05T13:07:12Z" duration-ms="6929" status="PASS">
          <reporter-output>
          </reporter-output>
        </test-method> <!-- launchApp -->
        <test-method signature="orderProduct(java.util.HashMap)[pri:0, instance:SeleniumAutomation.Test.StandAloneTest@5965d37]" started-at="2023-01-05T13:07:12Z" name="orderProduct" data-provider="inputData" finished-at="2023-01-05T13:07:22Z" duration-ms="10435" status="PASS">
          <params>
            <param index="0">
              <value>
                <![CDATA[{password=Karthick@45, product=ADIDAS ORIGINAL, email=Karthicksdk45@gmail.com}]]>
              </value>
            </param>
          </params>
          <reporter-output>
          </reporter-output>
        </test-method> <!-- orderProduct -->
        <test-method is-config="true" signature="closeApp()[pri:0, instance:SeleniumAutomation.Test.StandAloneTest@5965d37]" started-at="2023-01-05T13:07:22Z" name="closeApp" finished-at="2023-01-05T13:07:22Z" duration-ms="210" status="PASS">
          <reporter-output>
          </reporter-output>
        </test-method> <!-- closeApp -->
        <test-method is-config="true" signature="launchApp()[pri:0, instance:SeleniumAutomation.Test.StandAloneTest@5965d37]" started-at="2023-01-05T13:07:22Z" name="launchApp" finished-at="2023-01-05T13:07:25Z" duration-ms="2282" status="PASS">
          <reporter-output>
          </reporter-output>
        </test-method> <!-- launchApp -->
        <test-method signature="orderProduct(java.util.HashMap)[pri:0, instance:SeleniumAutomation.Test.StandAloneTest@5965d37]" started-at="2023-01-05T13:07:25Z" name="orderProduct" data-provider="inputData" finished-at="2023-01-05T13:07:35Z" duration-ms="10263" status="PASS">
          <params>
            <param index="0">
              <value>
                <![CDATA[{password=Iamking@000, product=IPHONE 13 PRO, email=anshika@gmail.com}]]>
              </value>
            </param>
          </params>
          <reporter-output>
          </reporter-output>
        </test-method> <!-- orderProduct -->
        <test-method is-config="true" signature="closeApp()[pri:0, instance:SeleniumAutomation.Test.StandAloneTest@5965d37]" started-at="2023-01-05T13:07:35Z" name="closeApp" finished-at="2023-01-05T13:07:35Z" duration-ms="210" status="PASS">
          <reporter-output>
          </reporter-output>
        </test-method> <!-- closeApp -->
      </class> <!-- SeleniumAutomation.Test.StandAloneTest -->
    </test> <!-- Default test -->
  </suite> <!-- Default suite -->
</testng-results>
