<?xml version="1.0" encoding="UTF-8"?>
<!-- Generated by org.testng.reporters.JUnitXMLReporter -->
<testsuite ignored="0" hostname="DESKTOP-PLS9NTJ" failures="1" tests="3" name="E2E Testing" time="22.021" errors="0" timestamp="05 Jan 2023 02:00:04 GMT">
  <testcase classname="SeleniumAutomation.Test.StandAloneTest" name="orderProduct" time="4.27"/>
  <testcase classname="SeleniumAutomation.Test.StandAloneTest" name="orderProduct" time="4.425"/>
  <testcase classname="SeleniumAutomation.Test.StandAloneTest" name="checkOrdersList" time="1.085">
    <failure type="org.junit.ComparisonFailure" message="expected:&amp;lt;63b[528b0568c3e9fb1eb1ba2]&amp;gt; but was:&amp;lt;63b[62f21568c3e9fb1ec3e85]&amp;gt;">
      <![CDATA[org.junit.ComparisonFailure: expected:<63b[528b0568c3e9fb1eb1ba2]> but was:<63b[62f21568c3e9fb1ec3e85]>
at org.junit.Assert.assertEquals(Assert.java:115)
at org.junit.Assert.assertEquals(Assert.java:144)
at SeleniumAutomation.Test.StandAloneTest.checkOrdersList(StandAloneTest.java:58)
at java.base/java.util.concurrent.FutureTask.run(FutureTask.java:317)
at java.base/java.util.concurrent.ThreadPoolExecutor.runWorker(ThreadPoolExecutor.java:1144)
at java.base/java.util.concurrent.ThreadPoolExecutor$Worker.run(ThreadPoolExecutor.java:642)
at java.base/java.lang.Thread.run(Thread.java:1589)
... Removed 14 stack frames]]>
    </failure>
  </testcase> <!-- checkOrdersList -->
</testsuite> <!-- E2E Testing -->
