<?xml version="1.0" encoding="UTF-8"?>
<!-- Generated by org.testng.reporters.JUnitXMLReporter -->
<testsuite ignored="4" hostname="DESKTOP-PLS9NTJ" failures="0" tests="1" name="Loans" time="0.083" errors="0" timestamp="2022-12-27T17:18:24 IST">
  <testcase classname="FrameWork.NewLoan" name="mobilelogin" time="0.012"/>
  <testcase classname="FrameWork.NewLoan" name="loan" time="0.0">
    <ignored/>
  </testcase> <!-- loan -->
  <testcase classname="FrameWork.NewLoan" name="mobileloan" time="0.0">
    <ignored/>
  </testcase> <!-- mobileloan -->
  <testcase classname="FrameWork.NewLoan" name="Homeloan" time="0.0">
    <ignored/>
  </testcase> <!-- Homeloan -->
  <testcase classname="FrameWork.NewLoan" name="mobilesignin" time="0.0">
    <ignored/>
  </testcase> <!-- mobilesignin -->
</testsuite> <!-- Loans -->
