<?xml version="1.0" encoding="UTF-8"?>
<testng-results ignored="0" total="2" passed="2" failed="0" skipped="0">
  <reporter-output>
  </reporter-output>
  <suite started-at="2023-01-12T08:21:06Z" name="Default suite" finished-at="2023-01-12T08:21:14Z" duration-ms="8005">
    <groups>
      <group name="cucumber">
        <method signature="AbstractTestNGCucumberTests.runScenario(io.cucumber.testng.PickleWrapper, io.cucumber.testng.FeatureWrapper)[pri:0, instance:cucumber.TestNGRunner@f1da57d]" name="runScenario" class="io.cucumber.testng.AbstractTestNGCucumberTests"/>
      </group> <!-- cucumber -->
    </groups>
    <test started-at="2023-01-12T08:21:06Z" name="Default test" finished-at="2023-01-12T08:21:14Z" duration-ms="8005">
      <class name="cucumber.TestNGRunner">
        <test-method is-config="true" signature="setUpClass(org.testng.ITestContext)[pri:0, instance:cucumber.TestNGRunner@f1da57d]" started-at="2023-01-12T08:21:06Z" name="setUpClass" finished-at="2023-01-12T08:21:07Z" duration-ms="647" status="PASS">
          <params>
            <param index="0">
              <value>
                <![CDATA[org.testng.TestRunner@36068727]]>
              </value>
            </param>
          </params>
          <reporter-output>
          </reporter-output>
        </test-method> <!-- setUpClass -->
        <test-method signature="runScenario(io.cucumber.testng.PickleWrapper, io.cucumber.testng.FeatureWrapper)[pri:0, instance:cucumber.TestNGRunner@f1da57d]" started-at="2023-01-12T08:21:07Z" name="runScenario" description="Runs Cucumber Scenarios" data-provider="scenarios" finished-at="2023-01-12T08:21:11Z" duration-ms="4187" status="PASS">
          <params>
            <param index="0">
              <value>
                <![CDATA["Validate the data flow between search bar and page"]]>
              </value>
            </param>
            <param index="1">
              <value>
                <![CDATA["Green kart page"]]>
              </value>
            </param>
          </params>
          <reporter-output>
          </reporter-output>
        </test-method> <!-- runScenario -->
        <test-method signature="runScenario(io.cucumber.testng.PickleWrapper, io.cucumber.testng.FeatureWrapper)[pri:0, instance:cucumber.TestNGRunner@f1da57d]" started-at="2023-01-12T08:21:11Z" name="runScenario" description="Runs Cucumber Scenarios" data-provider="scenarios" finished-at="2023-01-12T08:21:14Z" duration-ms="3083" status="PASS">
          <params>
            <param index="0">
              <value>
                <![CDATA["Validate the data flow between search bar and page"]]>
              </value>
            </param>
            <param index="1">
              <value>
                <![CDATA["Green kart page"]]>
              </value>
            </param>
          </params>
          <reporter-output>
          </reporter-output>
        </test-method> <!-- runScenario -->
        <test-method is-config="true" signature="tearDownClass()[pri:0, instance:cucumber.TestNGRunner@f1da57d]" started-at="2023-01-12T08:21:14Z" name="tearDownClass" finished-at="2023-01-12T08:21:14Z" duration-ms="64" status="PASS">
          <reporter-output>
          </reporter-output>
        </test-method> <!-- tearDownClass -->
      </class> <!-- cucumber.TestNGRunner -->
    </test> <!-- Default test -->
  </suite> <!-- Default suite -->
</testng-results>
